<?xml version="1.0" encoding="UTF-8"?>
<!-- Generated by org.testng.reporters.JUnitReportReporter -->
<testsuite hostname="LAPTOP-2KR4188N" failures="0" tests="2" name="com.TestCases.ContactsTest" time="50.916" errors="0" timestamp="20 May 2020 09:45:38 GMT" skipped="1">
  <testcase classname="com.TestCases.ContactsTest" name="VerifyContactsCreation" time="50.916"/>
  <testcase classname="com.TestCases.ContactsTest" name="VerifyContactsValidationSkip">
    <skipped/>
  </testcase> <!-- VerifyContactsValidationSkip -->
</testsuite> <!-- com.TestCases.ContactsTest -->
