<?xml version="1.0" encoding="UTF-8"?>
<!-- Generated by org.testng.reporters.JUnitReportReporter -->
<testsuite skipped="0" hostname="LTRNELLURI10" name="com.TestCases.OpportunitiesTest" tests="1" failures="0" timestamp="03 Jul 2020 16:55:03 GMT" time="51.474" errors="0">
  <testcase name="VerifyOppsCreation" time="51.474" classname="com.TestCases.OpportunitiesTest"/>
</testsuite> <!-- com.TestCases.OpportunitiesTest -->
