<?xml version="1.0" encoding="UTF-8"?>
<!-- Generated by org.testng.reporters.JUnitReportReporter -->
<testsuite hostname="LAPTOP-2KR4188N" failures="0" tests="2" name="com.TestCases.ContactsTest" time="37.070" errors="0" timestamp="18 May 2020 18:43:39 GMT" skipped="1">
  <testcase classname="com.TestCases.ContactsTest" name="VerifyContactsValidationSkip" time="37.070"/>
  <testcase classname="com.TestCases.ContactsTest" name="VerifyContactsCreation">
    <skipped/>
  </testcase> <!-- VerifyContactsCreation -->
</testsuite> <!-- com.TestCases.ContactsTest -->
