<?xml version="1.0" encoding="UTF-8"?>
<!-- Generated by org.testng.reporters.JUnitReportReporter -->
<testsuite hostname="LAPTOP-2KR4188N" failures="0" tests="2" name="com.TestCases.OpportunitiesTest" time="40.635" errors="0" timestamp="18 May 2020 18:43:39 GMT" skipped="1">
  <testcase classname="com.TestCases.OpportunitiesTest" name="VerifyOppValidationFail" time="40.635"/>
  <testcase classname="com.TestCases.OpportunitiesTest" name="VerifyOppsCreation">
    <skipped/>
  </testcase> <!-- VerifyOppsCreation -->
</testsuite> <!-- com.TestCases.OpportunitiesTest -->
